<?xml version="1.0" encoding="UTF-8"?>
<testsuite name="org.project1.nhm8.util.TestDefaultConverter" tests="1" skipped="0" failures="0" errors="0" timestamp="2024-03-29T10:46:38" hostname="fedora" time="0.003">
  <properties/>
  <testcase name="test default converter" classname="org.project1.nhm8.util.TestDefaultConverter" time="0.003"/>
  <system-out><![CDATA[29-03-2024 05:46
]]></system-out>
  <system-err><![CDATA[]]></system-err>
</testsuite>
