<?xml version="1.0" encoding="UTF-8"?>
<testsuite name="org.project1.nhm8.TestSPCTModel" tests="1" skipped="0" failures="0" errors="0" timestamp="2024-03-28T12:23:53" hostname="fedora" time="0.221">
  <properties/>
  <testcase name="viewModel()" classname="org.project1.nhm8.TestSPCTModel" time="0.221"/>
  <system-out><![CDATA[


 SELECT 
	SAN_PHAM_CHI_TIET.MASPCT,
	SAN_PHAM_CHI_TIET.SOLUONG,
	SAN_PHAM_CHI_TIET.MASIZE,
	SAN_PHAM_CHI_TIET.MAMAU,
	SAN_PHAM_CHI_TIET.MASP,
	SAN_PHAM_CHI_TIET.TRANGTHAI
 FROM SAN_PHAM_CHI_TIET






 SELECT 
	SAN_PHAM.MASP,
	SAN_PHAM.TENSP
 FROM SAN_PHAM






 SELECT 
	SAN_PHAM.MASP,
	SAN_PHAM.TENSP
 FROM SAN_PHAM WHERE SAN_PHAM.MASP = ?






 SELECT 
	LICH_SU_GIA.MALSG,
	LICH_SU_GIA.MASPCT,
	LICH_SU_GIA.GIA,
	LICH_SU_GIA.NGAYUPDATE
 FROM LICH_SU_GIA






 SELECT 
	SIZE.MASIZE,
	SIZE.TENSIZE
 FROM SIZE






 SELECT 
	SIZE.MASIZE,
	SIZE.TENSIZE
 FROM SIZE WHERE SIZE.MASIZE = ?






 SELECT 
	MAU_SAC.MAMAU,
	MAU_SAC.TENMAU
 FROM MAU_SAC






 SELECT 
	MAU_SAC.MAMAU,
	MAU_SAC.TENMAU
 FROM MAU_SAC WHERE MAU_SAC.MAMAU = ?






 SELECT 
	SAN_PHAM.MASP,
	SAN_PHAM.TENSP
 FROM SAN_PHAM






 SELECT 
	SAN_PHAM.MASP,
	SAN_PHAM.TENSP
 FROM SAN_PHAM WHERE SAN_PHAM.MASP = ?






 SELECT 
	LICH_SU_GIA.MALSG,
	LICH_SU_GIA.MASPCT,
	LICH_SU_GIA.GIA,
	LICH_SU_GIA.NGAYUPDATE
 FROM LICH_SU_GIA






 SELECT 
	SIZE.MASIZE,
	SIZE.TENSIZE
 FROM SIZE






 SELECT 
	SIZE.MASIZE,
	SIZE.TENSIZE
 FROM SIZE WHERE SIZE.MASIZE = ?






 SELECT 
	MAU_SAC.MAMAU,
	MAU_SAC.TENMAU
 FROM MAU_SAC






 SELECT 
	MAU_SAC.MAMAU,
	MAU_SAC.TENMAU
 FROM MAU_SAC WHERE MAU_SAC.MAMAU = ?






 SELECT 
	SAN_PHAM.MASP,
	SAN_PHAM.TENSP
 FROM SAN_PHAM






 SELECT 
	SAN_PHAM.MASP,
	SAN_PHAM.TENSP
 FROM SAN_PHAM WHERE SAN_PHAM.MASP = ?






 SELECT 
	LICH_SU_GIA.MALSG,
	LICH_SU_GIA.MASPCT,
	LICH_SU_GIA.GIA,
	LICH_SU_GIA.NGAYUPDATE
 FROM LICH_SU_GIA






 SELECT 
	SIZE.MASIZE,
	SIZE.TENSIZE
 FROM SIZE






 SELECT 
	SIZE.MASIZE,
	SIZE.TENSIZE
 FROM SIZE WHERE SIZE.MASIZE = ?






 SELECT 
	MAU_SAC.MAMAU,
	MAU_SAC.TENMAU
 FROM MAU_SAC






 SELECT 
	MAU_SAC.MAMAU,
	MAU_SAC.TENMAU
 FROM MAU_SAC WHERE MAU_SAC.MAMAU = ?



1
2
3
]]></system-out>
  <system-err><![CDATA[]]></system-err>
</testsuite>
