<?xml version="1.0" encoding="UTF-8"?>
<testsuite name="org.project1.nhm8.TestSanPhamModel" tests="1" skipped="0" failures="0" errors="0" timestamp="2024-03-29T10:46:38" hostname="fedora" time="0.006">
  <properties/>
  <testcase name="fina all SanPham Model" classname="org.project1.nhm8.TestSanPhamModel" time="0.006"/>
  <system-out><![CDATA[


 SELECT 
	SAN_PHAM.MASP,
	SAN_PHAM.TENSP,
	SAN_PHAM.TRANGTHAI
 FROM SAN_PHAM






 SELECT 
	SAN_PHAM.MASP,
	SAN_PHAM.TENSP,
	SAN_PHAM.TRANGTHAI
 FROM SAN_PHAM WHERE SAN_PHAM.MASP = ?



2
]]></system-out>
  <system-err><![CDATA[]]></system-err>
</testsuite>
