<?xml version="1.0" encoding="UTF-8"?>
<testsuite name="org.project1.nhm8.TestMauSac" tests="1" skipped="0" failures="0" errors="0" timestamp="2024-03-29T10:46:38" hostname="fedora" time="0.004">
  <properties/>
  <testcase name="findByName()" classname="org.project1.nhm8.TestMauSac" time="0.004"/>
  <system-out><![CDATA[


 SELECT 
	MAU_SAC.MAMAU,
	MAU_SAC.TENMAU
 FROM MAU_SAC



1
]]></system-out>
  <system-err><![CDATA[]]></system-err>
</testsuite>
