<?xml version="1.0" encoding="UTF-8"?>
<testsuite name="org.project1.nhm8.GiaModel" tests="1" skipped="0" failures="0" errors="0" timestamp="2024-03-29T09:13:06" hostname="fedora" time="0.077">
  <properties/>
  <testcase name="addGia()" classname="org.project1.nhm8.GiaModel" time="0.077"/>
  <system-out><![CDATA[


 UPDATE LICH_SU_GIA  SET MASPCT = ? , GIA = ? , NGAYUPDATE = ? WHERE MALSG = ?



]]></system-out>
  <system-err><![CDATA[]]></system-err>
</testsuite>
