<?xml version="1.0" encoding="UTF-8"?>
<testsuite name="org.project1.nhm8.TestSize" tests="2" skipped="0" failures="0" errors="0" timestamp="2024-03-28T15:34:21" hostname="fedora" time="0.211">
  <properties/>
  <testcase name="insert()" classname="org.project1.nhm8.TestSize" time="0.142"/>
  <testcase name="findByName()" classname="org.project1.nhm8.TestSize" time="0.019"/>
  <system-out><![CDATA[


 INSERT INTO SIZE ( TENSIZE ) 
	VALUES ( ?  ) 




0



 SELECT 
	SIZE.MASIZE,
	SIZE.TENSIZE
 FROM SIZE



3
]]></system-out>
  <system-err><![CDATA[]]></system-err>
</testsuite>
